[I 2026-03-31 07:47:39,153] A new study created in memory with name: no-name-db7673e3-51a6-44ea-823b-1858781e2f12
[I 2026-03-31 07:47:49,804] Trial 0 finished with value: 66.15 and parameters: {'lr': 0.018111834044592184}. Best is trial 0 with value: 66.15.
[I 2026-03-31 07:47:58,441] Trial 1 finished with value: 57.8 and parameters: {'lr': 0.0004937886516250394}. Best is trial 0 with value: 66.15.
[I 2026-03-31 07:48:07,343] Trial 2 finished with value: 54.1 and parameters: {'lr': 0.00035354175129632184}. Best is trial 0 with value: 66.15.
[I 2026-03-31 07:48:15,907] Trial 3 finished with value: 67.0 and parameters: {'lr': 0.02163136751900102}. Best is trial 3 with value: 67.0.
[I 2026-03-31 07:48:24,553] Trial 4 finished with value: 64.35 and parameters: {'lr': 0.012498988368704876}. Best is trial 3 with value: 67.0.
[I 2026-03-31 07:48:34,159] Trial 5 finished with value: 48.6 and parameters: {'lr': 0.00019565968893113574}. Best is trial 3 with value: 67.0.
[I 2026-03-31 07:48:42,550] Trial 6 finished with value: 65.25 and parameters: {'lr': 0.03703948195640095}. Best is trial 3 with value: 67.0.
[I 2026-03-31 07:48:51,087] Trial 7 finished with value: 61.5 and parameters: {'lr': 0.00827029414768219}. Best is trial 3 with value: 67.0.
[I 2026-03-31 07:48:59,600] Trial 8 finished with value: 49.55 and parameters: {'lr': 0.00021361154648533794}. Best is trial 3 with value: 67.0.
[I 2026-03-31 07:49:07,980] Trial 9 finished with value: 67.05 and parameters: {'lr': 0.022278978977137823}. Best is trial 9 with value: 67.05.
[I 2026-03-31 07:49:16,456] Trial 10 finished with value: 61.05 and parameters: {'lr': 0.0028823676715026875}. Best is trial 9 with value: 67.05.
[I 2026-03-31 07:49:24,990] Trial 11 finished with value: 68.2 and parameters: {'lr': 0.043140846753074405}. Best is trial 11 with value: 68.2.
[I 2026-03-31 07:49:33,463] Trial 12 finished with value: 64.2 and parameters: {'lr': 0.04573980444791799}. Best is trial 11 with value: 68.2.
[I 2026-03-31 07:49:42,133] Trial 13 finished with value: 59.75 and parameters: {'lr': 0.004204635266201947}. Best is trial 11 with value: 68.2.
[I 2026-03-31 07:49:50,687] Trial 14 finished with value: 58.3 and parameters: {'lr': 0.0010849190620164624}. Best is trial 11 with value: 68.2.
[I 2026-03-31 07:49:50,688] A new study created in memory with name: no-name-a0cf931f-5669-4795-aed5-d14897dd6b2e
[I 2026-03-31 07:50:22,992] Trial 0 finished with value: 64.05 and parameters: {'lr': 0.009312258083704571, 'window_size': 12}. Best is trial 0 with value: 64.05.
[I 2026-03-31 07:50:50,091] Trial 1 finished with value: 56.15 and parameters: {'lr': 0.0006124272840259701, 'window_size': 8}. Best is trial 0 with value: 64.05.
[I 2026-03-31 07:51:12,876] Trial 2 finished with value: 62.05 and parameters: {'lr': 0.005516527731959922, 'window_size': 7}. Best is trial 0 with value: 64.05.
[I 2026-03-31 07:51:41,800] Trial 3 finished with value: 64.2 and parameters: {'lr': 0.014083230780564894, 'window_size': 9}. Best is trial 3 with value: 64.2.
[I 2026-03-31 07:52:18,770] Trial 4 finished with value: 49.85 and parameters: {'lr': 0.00020536487369714443, 'window_size': 14}. Best is trial 3 with value: 64.2.
[I 2026-03-31 07:52:54,857] Trial 5 finished with value: 57.35 and parameters: {'lr': 0.0005906182026794383, 'window_size': 12}. Best is trial 3 with value: 64.2.
[I 2026-03-31 07:53:13,415] Trial 6 finished with value: 64.8 and parameters: {'lr': 0.032733320509695754, 'window_size': 5}. Best is trial 6 with value: 64.8.
[I 2026-03-31 07:53:44,642] Trial 7 finished with value: 58.8 and parameters: {'lr': 0.0006870454298446953, 'window_size': 12}. Best is trial 6 with value: 64.8.
[I 2026-03-31 07:54:13,082] Trial 8 finished with value: 66.0 and parameters: {'lr': 0.02127765680915835, 'window_size': 10}. Best is trial 8 with value: 66.0.
[I 2026-03-31 07:54:44,450] Trial 9 finished with value: 61.4 and parameters: {'lr': 0.006750765489157199, 'window_size': 12}. Best is trial 8 with value: 66.0.
[I 2026-03-31 07:55:00,639] Trial 10 finished with value: 65.4 and parameters: {'lr': 0.04599101044187689, 'window_size': 4}. Best is trial 8 with value: 66.0.
[I 2026-03-31 07:55:16,893] Trial 11 finished with value: 64.85 and parameters: {'lr': 0.04946310583678624, 'window_size': 4}. Best is trial 8 with value: 66.0.
[I 2026-03-31 07:55:37,039] Trial 12 finished with value: 63.7 and parameters: {'lr': 0.02180209658636038, 'window_size': 6}. Best is trial 8 with value: 66.0.
[I 2026-03-31 07:56:05,896] Trial 13 finished with value: 59.9 and parameters: {'lr': 0.0022633901020204872, 'window_size': 9}. Best is trial 8 with value: 66.0.
[I 2026-03-31 07:56:34,527] Trial 14 finished with value: 58.75 and parameters: {'lr': 0.00299133321717281, 'window_size': 10}. Best is trial 8 with value: 66.0.
Tuning Baseline...
Tuning SSA...

Best Baseline Params: {'lr': 0.043140846753074405}
Best Baseline Acc: 68.2

Best SSA Params: {'lr': 0.02127765680915835, 'window_size': 10}
Best SSA Acc: 66.0
