[I 2026-04-23 07:30:30,013] A new study created in memory with name: no-name-c48b0ba3-c95a-42f8-9fc7-428e11b1cb0a
[I 2026-04-23 07:30:32,592] Trial 0 finished with value: 0.57 and parameters: {'lr': 0.006958854648218157}. Best is trial 0 with value: 0.57.
[I 2026-04-23 07:30:33,672] Trial 1 finished with value: 0.566 and parameters: {'lr': 0.0019244775955871696}. Best is trial 0 with value: 0.57.
[I 2026-04-23 07:30:34,980] Trial 2 finished with value: 0.574 and parameters: {'lr': 0.0041464572320780895}. Best is trial 2 with value: 0.574.
[I 2026-04-23 07:30:36,370] Trial 3 finished with value: 0.5225 and parameters: {'lr': 0.0006151788726155667}. Best is trial 2 with value: 0.574.
[I 2026-04-23 07:30:37,157] Trial 4 finished with value: 0.535 and parameters: {'lr': 0.0009348543747662745}. Best is trial 2 with value: 0.574.
[I 2026-04-23 07:30:37,964] Trial 5 finished with value: 0.3075 and parameters: {'lr': 0.00010487498684001693}. Best is trial 2 with value: 0.574.
[I 2026-04-23 07:30:38,802] Trial 6 finished with value: 0.5765 and parameters: {'lr': 0.00300819381568207}. Best is trial 6 with value: 0.5765.
[I 2026-04-23 07:30:40,087] Trial 7 finished with value: 0.459 and parameters: {'lr': 0.00033018374388337976}. Best is trial 6 with value: 0.5765.
[I 2026-04-23 07:30:41,141] Trial 8 finished with value: 0.558 and parameters: {'lr': 0.005549050002772974}. Best is trial 6 with value: 0.5765.
[I 2026-04-23 07:30:42,372] Trial 9 finished with value: 0.3275 and parameters: {'lr': 0.00013239495195045215}. Best is trial 6 with value: 0.5765.
[I 2026-04-23 07:30:42,373] A new study created in memory with name: no-name-5eb71059-c8bd-40a1-bfc5-20541bc2ba95
[I 2026-04-23 07:30:53,443] Trial 0 finished with value: 0.214 and parameters: {'lr': 0.00014826883013720167}. Best is trial 0 with value: 0.214.
[I 2026-04-23 07:31:04,725] Trial 1 finished with value: 0.337 and parameters: {'lr': 0.003953887810466488}. Best is trial 1 with value: 0.337.
[I 2026-04-23 07:31:15,873] Trial 2 finished with value: 0.2305 and parameters: {'lr': 0.00027783804543583313}. Best is trial 1 with value: 0.337.
[I 2026-04-23 07:31:27,021] Trial 3 finished with value: 0.2535 and parameters: {'lr': 0.0004268345109257128}. Best is trial 1 with value: 0.337.
[I 2026-04-23 07:31:38,202] Trial 4 finished with value: 0.3415 and parameters: {'lr': 0.00368945903119317}. Best is trial 4 with value: 0.3415.
[I 2026-04-23 07:31:49,943] Trial 5 finished with value: 0.2505 and parameters: {'lr': 0.0005331637770718921}. Best is trial 4 with value: 0.3415.
[I 2026-04-23 07:32:05,001] Trial 6 finished with value: 0.313 and parameters: {'lr': 0.003371230222904548}. Best is trial 4 with value: 0.3415.
[I 2026-04-23 07:32:17,091] Trial 7 finished with value: 0.241 and parameters: {'lr': 0.00041473734908012276}. Best is trial 4 with value: 0.3415.
[I 2026-04-23 07:32:29,686] Trial 8 finished with value: 0.2485 and parameters: {'lr': 0.00031653345059551606}. Best is trial 4 with value: 0.3415.
[I 2026-04-23 07:32:41,991] Trial 9 finished with value: 0.302 and parameters: {'lr': 0.0024629200217244126}. Best is trial 4 with value: 0.3415.
[I 2026-04-23 07:32:41,992] A new study created in memory with name: no-name-3e362d71-9851-4cee-9d71-08768d869796
[I 2026-04-23 07:32:50,362] Trial 0 finished with value: 0.4015 and parameters: {'lr': 0.00023062072575385858}. Best is trial 0 with value: 0.4015.
[I 2026-04-23 07:32:59,086] Trial 1 finished with value: 0.589 and parameters: {'lr': 0.0048269172092849704}. Best is trial 1 with value: 0.589.
[I 2026-04-23 07:33:07,082] Trial 2 finished with value: 0.511 and parameters: {'lr': 0.0007154042829689016}. Best is trial 1 with value: 0.589.
[I 2026-04-23 07:33:16,284] Trial 3 finished with value: 0.5575 and parameters: {'lr': 0.0014969708501697918}. Best is trial 1 with value: 0.589.
[I 2026-04-23 07:33:23,372] Trial 4 finished with value: 0.47 and parameters: {'lr': 0.0003176747476847061}. Best is trial 1 with value: 0.589.
[I 2026-04-23 07:33:32,174] Trial 5 finished with value: 0.41 and parameters: {'lr': 0.0002368873044240513}. Best is trial 1 with value: 0.589.
[I 2026-04-23 07:33:39,746] Trial 6 finished with value: 0.417 and parameters: {'lr': 0.0002507717365925856}. Best is trial 1 with value: 0.589.
[I 2026-04-23 07:33:47,236] Trial 7 finished with value: 0.429 and parameters: {'lr': 0.00026855244865786956}. Best is trial 1 with value: 0.589.
[I 2026-04-23 07:33:55,766] Trial 8 finished with value: 0.518 and parameters: {'lr': 0.000706152106545878}. Best is trial 1 with value: 0.589.
[I 2026-04-23 07:34:02,861] Trial 9 finished with value: 0.4095 and parameters: {'lr': 0.00019915262955277162}. Best is trial 1 with value: 0.589.
Tuning BaselineMLP...
Best LR for BaselineMLP: 0.00300819381568207
Tuning SoftDecisionTree...
Best LR for SoftDecisionTree: 0.00368945903119317
Tuning SDTAugmentedMLP...
Best LR for SDTAugmentedMLP: 0.0048269172092849704
Evaluating BaselineMLP with seed 42...
Accuracy: 0.7545
Evaluating SoftDecisionTree with seed 42...
Accuracy: 0.5010
Evaluating SDTAugmentedMLP with seed 42...
Accuracy: 0.7925
Evaluating BaselineMLP with seed 43...
Accuracy: 0.7625
Evaluating SoftDecisionTree with seed 43...
Accuracy: 0.5100
Evaluating SDTAugmentedMLP with seed 43...
Accuracy: 0.7805
Evaluating BaselineMLP with seed 44...
Accuracy: 0.7785
Evaluating SoftDecisionTree with seed 44...
Accuracy: 0.5310
Evaluating SDTAugmentedMLP with seed 44...
Accuracy: 0.8105
BaselineMLP: 0.7652 +/- 0.0100
SoftDecisionTree: 0.5140 +/- 0.0126
SDTAugmentedMLP: 0.7945 +/- 0.0123
