[I 2026-05-19 07:26:49,030] A new study created in memory with name: no-name-ff0d14ce-d558-4e85-946e-f58be516a38c
[I 2026-05-19 07:26:58,207] Trial 0 finished with value: 71.85 and parameters: {'lr': 0.00037892935106103085}. Best is trial 0 with value: 71.85.
[I 2026-05-19 07:27:04,281] Trial 1 finished with value: 78.2 and parameters: {'lr': 0.00349925881585353}. Best is trial 1 with value: 78.2.
[I 2026-05-19 07:27:11,807] Trial 2 finished with value: 76.7 and parameters: {'lr': 0.006373292210122128}. Best is trial 1 with value: 78.2.
[I 2026-05-19 07:27:21,328] Trial 3 finished with value: 78.3 and parameters: {'lr': 0.0028551700477930267}. Best is trial 3 with value: 78.3.
[I 2026-05-19 07:27:28,069] Trial 4 finished with value: 76.7 and parameters: {'lr': 0.008870843726622165}. Best is trial 3 with value: 78.3.
[I 2026-05-19 07:27:34,893] Trial 5 finished with value: 77.05 and parameters: {'lr': 0.005213281950731294}. Best is trial 3 with value: 78.3.
[I 2026-05-19 07:27:42,285] Trial 6 finished with value: 74.15 and parameters: {'lr': 0.0006352125784576443}. Best is trial 3 with value: 78.3.
[I 2026-05-19 07:27:48,146] Trial 7 finished with value: 77.5 and parameters: {'lr': 0.0011156742251328068}. Best is trial 3 with value: 78.3.
[I 2026-05-19 07:27:54,710] Trial 8 finished with value: 75.25 and parameters: {'lr': 0.0021509778542672725}. Best is trial 3 with value: 78.3.
[I 2026-05-19 07:28:00,808] Trial 9 finished with value: 77.15 and parameters: {'lr': 0.0073184550331059335}. Best is trial 3 with value: 78.3.
[I 2026-05-19 07:28:00,808] A new study created in memory with name: no-name-c16237c5-7ca1-4aad-885b-213fde57b858
[I 2026-05-19 07:28:08,651] Trial 0 finished with value: 95.55 and parameters: {'lr': 0.008238210202254442}. Best is trial 0 with value: 95.55.
[I 2026-05-19 07:28:18,917] Trial 1 finished with value: 69.6 and parameters: {'lr': 0.00028067104374066134}. Best is trial 0 with value: 95.55.
[I 2026-05-19 07:28:28,589] Trial 2 finished with value: 63.1 and parameters: {'lr': 0.0002995137799262741}. Best is trial 0 with value: 95.55.
[I 2026-05-19 07:28:38,017] Trial 3 finished with value: 96.85 and parameters: {'lr': 0.008658483595668655}. Best is trial 3 with value: 96.85.
[I 2026-05-19 07:28:49,067] Trial 4 finished with value: 62.1 and parameters: {'lr': 0.00017807446115463647}. Best is trial 3 with value: 96.85.
[I 2026-05-19 07:28:59,041] Trial 5 finished with value: 62.95 and parameters: {'lr': 0.0002517616266181598}. Best is trial 3 with value: 96.85.
[I 2026-05-19 07:29:08,165] Trial 6 finished with value: 81.2 and parameters: {'lr': 0.0007646301701104306}. Best is trial 3 with value: 96.85.
[I 2026-05-19 07:29:17,983] Trial 7 finished with value: 81.45 and parameters: {'lr': 0.0006121956258248027}. Best is trial 3 with value: 96.85.
[I 2026-05-19 07:29:30,749] Trial 8 finished with value: 85.4 and parameters: {'lr': 0.0010395899203978697}. Best is trial 3 with value: 96.85.
[I 2026-05-19 07:29:40,526] Trial 9 finished with value: 65.9 and parameters: {'lr': 0.00019763422550348627}. Best is trial 3 with value: 96.85.
[I 2026-05-19 07:29:40,526] A new study created in memory with name: no-name-123b5847-aedf-4c64-92f1-daa1c154035d
[I 2026-05-19 07:29:52,081] Trial 0 finished with value: 64.0 and parameters: {'lr': 0.00011759083260596878}. Best is trial 0 with value: 64.0.
[I 2026-05-19 07:30:02,462] Trial 1 finished with value: 74.95 and parameters: {'lr': 0.0004774645181636286}. Best is trial 1 with value: 74.95.
[I 2026-05-19 07:30:14,838] Trial 2 finished with value: 64.4 and parameters: {'lr': 0.00013255023250300526}. Best is trial 1 with value: 74.95.
[I 2026-05-19 07:30:26,362] Trial 3 finished with value: 69.75 and parameters: {'lr': 0.00032399283164689685}. Best is trial 1 with value: 74.95.
[I 2026-05-19 07:30:37,981] Trial 4 finished with value: 69.95 and parameters: {'lr': 0.0003327588140142704}. Best is trial 1 with value: 74.95.
[I 2026-05-19 07:30:49,410] Trial 5 finished with value: 67.0 and parameters: {'lr': 0.00017520284538017275}. Best is trial 1 with value: 74.95.
[I 2026-05-19 07:31:02,647] Trial 6 finished with value: 66.1 and parameters: {'lr': 0.00015881873098423356}. Best is trial 1 with value: 74.95.
[I 2026-05-19 07:31:15,341] Trial 7 finished with value: 81.5 and parameters: {'lr': 0.0010032568497463216}. Best is trial 7 with value: 81.5.
[I 2026-05-19 07:31:27,248] Trial 8 finished with value: 90.2 and parameters: {'lr': 0.0022075156614063604}. Best is trial 8 with value: 90.2.
[I 2026-05-19 07:31:42,469] Trial 9 finished with value: 93.9 and parameters: {'lr': 0.004266961573218261}. Best is trial 9 with value: 93.9.
Tuning baseline...
Best baseline accuracy: 78.30%
Tuning prsa...
Best prsa accuracy: 96.85%
Tuning augmented...
Best augmented accuracy: 93.90%
